[    1039ms] [WARNING] Deprecated API for given entry type. @ https://s1.hdslb.com/bfs/static/shanks/laputa-home/assets/index-b203d296.js:52
[    1054ms] [ERROR] Failed to load resource: the server responded with a status of 404 () @ https://www.bilibili.com/undefined:0
[    1316ms] [ERROR] Failed to load resource: the server responded with a status of 404 () @ https://www.bilibili.com/assets/broken-image.png:0
[    1349ms] [ERROR] WebSocket connection to 'ws://localhost:8081/' failed:  @ chrome-extension://imbddededgmcgfhfpcjmijokokekbkal/refresh.js:26
[    1374ms] [WARNING] Mixed Content: The page at 'https://www.bilibili.com/' was loaded over HTTPS, but requested an insecure element 'http://i1.hdslb.com/bfs/archive/bcb78f42a242269869c146473b867b4d6c7558c1.jpg@128w_72h_1c'. This request was automatically upgraded to HTTPS, For more information see https://blog.chromium.org/2019/10/no-more-mixed-messages-about-https.html @ https://www.bilibili.com/:0
[    1374ms] [WARNING] Mixed Content: The page at 'https://www.bilibili.com/' was loaded over HTTPS, but requested an insecure element 'http://i2.hdslb.com/bfs/archive/5c0ccc0d3c83d1971a8ab84783845f1176b4161d.jpg@128w_72h_1c'. This request was automatically upgraded to HTTPS, For more information see https://blog.chromium.org/2019/10/no-more-mixed-messages-about-https.html @ https://www.bilibili.com/:0
[    1374ms] [WARNING] Mixed Content: The page at 'https://www.bilibili.com/' was loaded over HTTPS, but requested an insecure element 'http://i0.hdslb.com/bfs/archive/102feb74620d2fb206ecefcc039420a1a9331a7e.jpg@128w_72h_1c'. This request was automatically upgraded to HTTPS, For more information see https://blog.chromium.org/2019/10/no-more-mixed-messages-about-https.html @ https://www.bilibili.com/:0
[    1375ms] [WARNING] Mixed Content: The page at 'https://www.bilibili.com/' was loaded over HTTPS, but requested an insecure element 'http://i0.hdslb.com/bfs/archive/43c269ec4339d4be1e8739c857100c834b7417cf.jpg@128w_72h_1c'. This request was automatically upgraded to HTTPS, For more information see https://blog.chromium.org/2019/10/no-more-mixed-messages-about-https.html @ https://www.bilibili.com/:0
[    1375ms] [WARNING] Mixed Content: The page at 'https://www.bilibili.com/' was loaded over HTTPS, but requested an insecure element 'http://i1.hdslb.com/bfs/archive/e281f064182f94e75dc0bd53a6ae7ed098c50f0f.jpg@128w_72h_1c'. This request was automatically upgraded to HTTPS, For more information see https://blog.chromium.org/2019/10/no-more-mixed-messages-about-https.html @ https://www.bilibili.com/:0
[    1375ms] [WARNING] Mixed Content: The page at 'https://www.bilibili.com/' was loaded over HTTPS, but requested an insecure element 'http://i2.hdslb.com/bfs/archive/513d3b924124906b64d70f9d3b18bd66e5bd968d.jpg@128w_72h_1c'. This request was automatically upgraded to HTTPS, For more information see https://blog.chromium.org/2019/10/no-more-mixed-messages-about-https.html @ https://www.bilibili.com/:0
[    1375ms] [WARNING] Mixed Content: The page at 'https://www.bilibili.com/' was loaded over HTTPS, but requested an insecure element 'http://i1.hdslb.com/bfs/archive/116aed526d3fe3b8686282bd934eba136f4cae04.jpg@128w_72h_1c'. This request was automatically upgraded to HTTPS, For more information see https://blog.chromium.org/2019/10/no-more-mixed-messages-about-https.html @ https://www.bilibili.com/:0
[    1375ms] [WARNING] Mixed Content: The page at 'https://www.bilibili.com/' was loaded over HTTPS, but requested an insecure element 'http://i1.hdslb.com/bfs/archive/03c43ba0075c35cc6a01e76d4bed825ff32f3e58.jpg@128w_72h_1c'. This request was automatically upgraded to HTTPS, For more information see https://blog.chromium.org/2019/10/no-more-mixed-messages-about-https.html @ https://www.bilibili.com/:0
[    1375ms] [WARNING] Mixed Content: The page at 'https://www.bilibili.com/' was loaded over HTTPS, but requested an insecure element 'http://i0.hdslb.com/bfs/archive/b153233ec60072b4adbadd4f957acd5094749703.jpg@128w_72h_1c'. This request was automatically upgraded to HTTPS, For more information see https://blog.chromium.org/2019/10/no-more-mixed-messages-about-https.html @ https://www.bilibili.com/:0
[    1375ms] [WARNING] Mixed Content: The page at 'https://www.bilibili.com/' was loaded over HTTPS, but requested an insecure element 'http://i1.hdslb.com/bfs/archive/42b9bd47f25e50e14ea7e96beb93ab54101a8a36.jpg@128w_72h_1c'. This request was automatically upgraded to HTTPS, For more information see https://blog.chromium.org/2019/10/no-more-mixed-messages-about-https.html @ https://www.bilibili.com/:0
[    1375ms] [WARNING] Mixed Content: The page at 'https://www.bilibili.com/' was loaded over HTTPS, but requested an insecure element 'http://i1.hdslb.com/bfs/archive/3b36a9a88c180386ec0da4da6e5a4e0b815a1b85.jpg@128w_72h_1c'. This request was automatically upgraded to HTTPS, For more information see https://blog.chromium.org/2019/10/no-more-mixed-messages-about-https.html @ https://www.bilibili.com/:0
[    1375ms] [WARNING] Mixed Content: The page at 'https://www.bilibili.com/' was loaded over HTTPS, but requested an insecure element 'http://i0.hdslb.com/bfs/archive/9fb39e8eb7d2e8078527120e43d91873ba88dc9f.jpg@128w_72h_1c'. This request was automatically upgraded to HTTPS, For more information see https://blog.chromium.org/2019/10/no-more-mixed-messages-about-https.html @ https://www.bilibili.com/:0
[    1375ms] [WARNING] Mixed Content: The page at 'https://www.bilibili.com/' was loaded over HTTPS, but requested an insecure element 'http://i1.hdslb.com/bfs/archive/87a386c1195846562d08c5f6410f86cbfd2d241c.jpg@128w_72h_1c'. This request was automatically upgraded to HTTPS, For more information see https://blog.chromium.org/2019/10/no-more-mixed-messages-about-https.html @ https://www.bilibili.com/:0
[    1375ms] [WARNING] Mixed Content: The page at 'https://www.bilibili.com/' was loaded over HTTPS, but requested an insecure element 'http://i1.hdslb.com/bfs/archive/19d4c5a5c818943444f86a7bf9cc6c33eae02020.jpg@128w_72h_1c'. This request was automatically upgraded to HTTPS, For more information see https://blog.chromium.org/2019/10/no-more-mixed-messages-about-https.html @ https://www.bilibili.com/:0
[    1375ms] [WARNING] Mixed Content: The page at 'https://www.bilibili.com/' was loaded over HTTPS, but requested an insecure element 'http://i1.hdslb.com/bfs/archive/50d51386ab591a84e420abdd99dc31fad87bca7b.jpg@128w_72h_1c'. This request was automatically upgraded to HTTPS, For more information see https://blog.chromium.org/2019/10/no-more-mixed-messages-about-https.html @ https://www.bilibili.com/:0
[    1375ms] [WARNING] Mixed Content: The page at 'https://www.bilibili.com/' was loaded over HTTPS, but requested an insecure element 'http://i1.hdslb.com/bfs/archive/9312b3ae898edc3031f5272654aba02b33f2e047.jpg@128w_72h_1c'. This request was automatically upgraded to HTTPS, For more information see https://blog.chromium.org/2019/10/no-more-mixed-messages-about-https.html @ https://www.bilibili.com/:0
[    1375ms] [WARNING] Mixed Content: The page at 'https://www.bilibili.com/' was loaded over HTTPS, but requested an insecure element 'http://i1.hdslb.com/bfs/face/2e10865d04eb24ddad10d0bd41d20cdc2e0ab8d1.jpg@50w_50h_1c'. This request was automatically upgraded to HTTPS, For more information see https://blog.chromium.org/2019/10/no-more-mixed-messages-about-https.html @ https://www.bilibili.com/:0
[    1375ms] [WARNING] Mixed Content: The page at 'https://www.bilibili.com/' was loaded over HTTPS, but requested an insecure element 'http://i0.hdslb.com/bfs/archive/6253eb5db81fdbc4a59dd3071f0bf92c5ed2b10b.jpg@128w_72h_1c'. This request was automatically upgraded to HTTPS, For more information see https://blog.chromium.org/2019/10/no-more-mixed-messages-about-https.html @ https://www.bilibili.com/:0
[    1376ms] [WARNING] Mixed Content: The page at 'https://www.bilibili.com/' was loaded over HTTPS, but requested an insecure element 'http://i1.hdslb.com/bfs/archive/ad352eda8e2852d921a2ba9c2d54c751a12d7aa2.jpg@128w_72h_1c'. This request was automatically upgraded to HTTPS, For more information see https://blog.chromium.org/2019/10/no-more-mixed-messages-about-https.html @ https://www.bilibili.com/:0
[    1500ms] Error: Unexpected token '<', "<!DOCTYPE "... is not valid JSON
    at x (chrome-extension://bbbiejemhfihiooipfcjmjmbfdmobobp/dist/contentScripts/index.global.js:24:24825)
[    1599ms] Error: Unexpected token '<', "<!DOCTYPE "... is not valid JSON
    at x (chrome-extension://bbbiejemhfihiooipfcjmjmbfdmobobp/dist/contentScripts/index.global.js:24:24825)
[    1973ms] Error: Unexpected token '<', "<!DOCTYPE "... is not valid JSON
    at x (chrome-extension://bbbiejemhfihiooipfcjmjmbfdmobobp/dist/contentScripts/index.global.js:24:24825)
[    2055ms] Error: Unexpected token '<', "<!DOCTYPE "... is not valid JSON
    at x (chrome-extension://bbbiejemhfihiooipfcjmjmbfdmobobp/dist/contentScripts/index.global.js:24:24825)
[    2148ms] Error: Unexpected token '<', "<!DOCTYPE "... is not valid JSON
    at x (chrome-extension://bbbiejemhfihiooipfcjmjmbfdmobobp/dist/contentScripts/index.global.js:24:24825)
[    2180ms] Error: Unexpected token '<', "<!DOCTYPE "... is not valid JSON
    at x (chrome-extension://bbbiejemhfihiooipfcjmjmbfdmobobp/dist/contentScripts/index.global.js:24:24825)
[    2327ms] Error: Unexpected token '<', "<!DOCTYPE "... is not valid JSON
    at x (chrome-extension://bbbiejemhfihiooipfcjmjmbfdmobobp/dist/contentScripts/index.global.js:24:24825)
[    2415ms] Error: Unexpected token '<', "<!DOCTYPE "... is not valid JSON
    at x (chrome-extension://bbbiejemhfihiooipfcjmjmbfdmobobp/dist/contentScripts/index.global.js:24:24825)
[    2508ms] Error: Unexpected token '<', "<!DOCTYPE "... is not valid JSON
    at x (chrome-extension://bbbiejemhfihiooipfcjmjmbfdmobobp/dist/contentScripts/index.global.js:24:24825)
[    2641ms] Error: Unexpected token '<', "<!DOCTYPE "... is not valid JSON
    at x (chrome-extension://bbbiejemhfihiooipfcjmjmbfdmobobp/dist/contentScripts/index.global.js:24:24825)
[    2840ms] Error: Unexpected token '<', "<!DOCTYPE "... is not valid JSON
    at x (chrome-extension://bbbiejemhfihiooipfcjmjmbfdmobobp/dist/contentScripts/index.global.js:24:24825)
[    2912ms] Error: Unexpected token '<', "<!DOCTYPE "... is not valid JSON
    at x (chrome-extension://bbbiejemhfihiooipfcjmjmbfdmobobp/dist/contentScripts/index.global.js:24:24825)
[    2974ms] Error: Unexpected token '<', "<!DOCTYPE "... is not valid JSON
    at x (chrome-extension://bbbiejemhfihiooipfcjmjmbfdmobobp/dist/contentScripts/index.global.js:24:24825)
[    3074ms] Error: Unexpected token '<', "<!DOCTYPE "... is not valid JSON
    at x (chrome-extension://bbbiejemhfihiooipfcjmjmbfdmobobp/dist/contentScripts/index.global.js:24:24825)
[    3227ms] Error: Unexpected token '<', "<!DOCTYPE "... is not valid JSON
    at x (chrome-extension://bbbiejemhfihiooipfcjmjmbfdmobobp/dist/contentScripts/index.global.js:24:24825)
[    3387ms] Error: Unexpected token '<', "<!DOCTYPE "... is not valid JSON
    at x (chrome-extension://bbbiejemhfihiooipfcjmjmbfdmobobp/dist/contentScripts/index.global.js:24:24825)
[    3474ms] Error: Unexpected token '<', "<!DOCTYPE "... is not valid JSON
    at x (chrome-extension://bbbiejemhfihiooipfcjmjmbfdmobobp/dist/contentScripts/index.global.js:24:24825)
[    3589ms] Error: Unexpected token '<', "<!DOCTYPE "... is not valid JSON
    at x (chrome-extension://bbbiejemhfihiooipfcjmjmbfdmobobp/dist/contentScripts/index.global.js:24:24825)
[    3626ms] Error: Unexpected token '<', "<!DOCTYPE "... is not valid JSON
    at x (chrome-extension://bbbiejemhfihiooipfcjmjmbfdmobobp/dist/contentScripts/index.global.js:24:24825)
[    3691ms] Error: Unexpected token '<', "<!DOCTYPE "... is not valid JSON
    at x (chrome-extension://bbbiejemhfihiooipfcjmjmbfdmobobp/dist/contentScripts/index.global.js:24:24825)
[    3749ms] Error: Unexpected token '<', "<!DOCTYPE "... is not valid JSON
    at x (chrome-extension://bbbiejemhfihiooipfcjmjmbfdmobobp/dist/contentScripts/index.global.js:24:24825)
[    3843ms] Error: Unexpected token '<', "<!DOCTYPE "... is not valid JSON
    at x (chrome-extension://bbbiejemhfihiooipfcjmjmbfdmobobp/dist/contentScripts/index.global.js:24:24825)
[    3908ms] Error: Unexpected token '<', "<!DOCTYPE "... is not valid JSON
    at x (chrome-extension://bbbiejemhfihiooipfcjmjmbfdmobobp/dist/contentScripts/index.global.js:24:24825)
[    3993ms] Error: Unexpected token '<', "<!DOCTYPE "... is not valid JSON
    at x (chrome-extension://bbbiejemhfihiooipfcjmjmbfdmobobp/dist/contentScripts/index.global.js:24:24825)
[    4090ms] Error: Unexpected token '<', "<!DOCTYPE "... is not valid JSON
    at x (chrome-extension://bbbiejemhfihiooipfcjmjmbfdmobobp/dist/contentScripts/index.global.js:24:24825)
[    4228ms] Error: Unexpected token '<', "<!DOCTYPE "... is not valid JSON
    at x (chrome-extension://bbbiejemhfihiooipfcjmjmbfdmobobp/dist/contentScripts/index.global.js:24:24825)
[    4321ms] Error: Unexpected token '<', "<!DOCTYPE "... is not valid JSON
    at x (chrome-extension://bbbiejemhfihiooipfcjmjmbfdmobobp/dist/contentScripts/index.global.js:24:24825)
[    4389ms] Error: Unexpected token '<', "<!DOCTYPE "... is not valid JSON
    at x (chrome-extension://bbbiejemhfihiooipfcjmjmbfdmobobp/dist/contentScripts/index.global.js:24:24825)
[    4448ms] Error: Unexpected token '<', "<!DOCTYPE "... is not valid JSON
    at x (chrome-extension://bbbiejemhfihiooipfcjmjmbfdmobobp/dist/contentScripts/index.global.js:24:24825)
[    4529ms] Error: Unexpected token '<', "<!DOCTYPE "... is not valid JSON
    at x (chrome-extension://bbbiejemhfihiooipfcjmjmbfdmobobp/dist/contentScripts/index.global.js:24:24825)
[    4596ms] Error: Unexpected token '<', "<!DOCTYPE "... is not valid JSON
    at x (chrome-extension://bbbiejemhfihiooipfcjmjmbfdmobobp/dist/contentScripts/index.global.js:24:24825)
[    4668ms] Error: Unexpected token '<', "<!DOCTYPE "... is not valid JSON
    at x (chrome-extension://bbbiejemhfihiooipfcjmjmbfdmobobp/dist/contentScripts/index.global.js:24:24825)
[    4768ms] Error: Unexpected token '<', "<!DOCTYPE "... is not valid JSON
    at x (chrome-extension://bbbiejemhfihiooipfcjmjmbfdmobobp/dist/contentScripts/index.global.js:24:24825)
[    4876ms] Error: Unexpected token '<', "<!DOCTYPE "... is not valid JSON
    at x (chrome-extension://bbbiejemhfihiooipfcjmjmbfdmobobp/dist/contentScripts/index.global.js:24:24825)
[    5101ms] Error: Unexpected token '<', "<!DOCTYPE "... is not valid JSON
    at x (chrome-extension://bbbiejemhfihiooipfcjmjmbfdmobobp/dist/contentScripts/index.global.js:24:24825)
[    5163ms] Error: Unexpected token '<', "<!DOCTYPE "... is not valid JSON
    at x (chrome-extension://bbbiejemhfihiooipfcjmjmbfdmobobp/dist/contentScripts/index.global.js:24:24825)
[    5230ms] Error: Unexpected token '<', "<!DOCTYPE "... is not valid JSON
    at x (chrome-extension://bbbiejemhfihiooipfcjmjmbfdmobobp/dist/contentScripts/index.global.js:24:24825)
[    5292ms] Error: Unexpected token '<', "<!DOCTYPE "... is not valid JSON
    at x (chrome-extension://bbbiejemhfihiooipfcjmjmbfdmobobp/dist/contentScripts/index.global.js:24:24825)
[    5348ms] Error: Unexpected token '<', "<!DOCTYPE "... is not valid JSON
    at x (chrome-extension://bbbiejemhfihiooipfcjmjmbfdmobobp/dist/contentScripts/index.global.js:24:24825)
[    5409ms] Error: Unexpected token '<', "<!DOCTYPE "... is not valid JSON
    at x (chrome-extension://bbbiejemhfihiooipfcjmjmbfdmobobp/dist/contentScripts/index.global.js:24:24825)
[    5476ms] Error: Unexpected token '<', "<!DOCTYPE "... is not valid JSON
    at x (chrome-extension://bbbiejemhfihiooipfcjmjmbfdmobobp/dist/contentScripts/index.global.js:24:24825)
[    5610ms] Error: Unexpected token '<', "<!DOCTYPE "... is not valid JSON
    at x (chrome-extension://bbbiejemhfihiooipfcjmjmbfdmobobp/dist/contentScripts/index.global.js:24:24825)
[    5673ms] Error: Unexpected token '<', "<!DOCTYPE "... is not valid JSON
    at x (chrome-extension://bbbiejemhfihiooipfcjmjmbfdmobobp/dist/contentScripts/index.global.js:24:24825)
[    5730ms] Error: Unexpected token '<', "<!DOCTYPE "... is not valid JSON
    at x (chrome-extension://bbbiejemhfihiooipfcjmjmbfdmobobp/dist/contentScripts/index.global.js:24:24825)
[    5790ms] Error: Unexpected token '<', "<!DOCTYPE "... is not valid JSON
    at x (chrome-extension://bbbiejemhfihiooipfcjmjmbfdmobobp/dist/contentScripts/index.global.js:24:24825)
[    5849ms] Error: Unexpected token '<', "<!DOCTYPE "... is not valid JSON
    at x (chrome-extension://bbbiejemhfihiooipfcjmjmbfdmobobp/dist/contentScripts/index.global.js:24:24825)
[    5945ms] Error: Unexpected token '<', "<!DOCTYPE "... is not valid JSON
    at x (chrome-extension://bbbiejemhfihiooipfcjmjmbfdmobobp/dist/contentScripts/index.global.js:24:24825)
[    6038ms] Error: Unexpected token '<', "<!DOCTYPE "... is not valid JSON
    at x (chrome-extension://bbbiejemhfihiooipfcjmjmbfdmobobp/dist/contentScripts/index.global.js:24:24825)
[    6129ms] Error: Unexpected token '<', "<!DOCTYPE "... is not valid JSON
    at x (chrome-extension://bbbiejemhfihiooipfcjmjmbfdmobobp/dist/contentScripts/index.global.js:24:24825)
[    6230ms] Error: Unexpected token '<', "<!DOCTYPE "... is not valid JSON
    at x (chrome-extension://bbbiejemhfihiooipfcjmjmbfdmobobp/dist/contentScripts/index.global.js:24:24825)
[    6367ms] Error: Unexpected token '<', "<!DOCTYPE "... is not valid JSON
    at x (chrome-extension://bbbiejemhfihiooipfcjmjmbfdmobobp/dist/contentScripts/index.global.js:24:24825)
[    6458ms] Error: Unexpected token '<', "<!DOCTYPE "... is not valid JSON
    at x (chrome-extension://bbbiejemhfihiooipfcjmjmbfdmobobp/dist/contentScripts/index.global.js:24:24825)
[    6522ms] Error: Unexpected token '<', "<!DOCTYPE "... is not valid JSON
    at x (chrome-extension://bbbiejemhfihiooipfcjmjmbfdmobobp/dist/contentScripts/index.global.js:24:24825)
[    6580ms] Error: Unexpected token '<', "<!DOCTYPE "... is not valid JSON
    at x (chrome-extension://bbbiejemhfihiooipfcjmjmbfdmobobp/dist/contentScripts/index.global.js:24:24825)
[    6638ms] Error: Unexpected token '<', "<!DOCTYPE "... is not valid JSON
    at x (chrome-extension://bbbiejemhfihiooipfcjmjmbfdmobobp/dist/contentScripts/index.global.js:24:24825)
[    6706ms] Error: Unexpected token '<', "<!DOCTYPE "... is not valid JSON
    at x (chrome-extension://bbbiejemhfihiooipfcjmjmbfdmobobp/dist/contentScripts/index.global.js:24:24825)
[    6798ms] Error: Unexpected token '<', "<!DOCTYPE "... is not valid JSON
    at x (chrome-extension://bbbiejemhfihiooipfcjmjmbfdmobobp/dist/contentScripts/index.global.js:24:24825)
[    6889ms] Error: Unexpected token '<', "<!DOCTYPE "... is not valid JSON
    at x (chrome-extension://bbbiejemhfihiooipfcjmjmbfdmobobp/dist/contentScripts/index.global.js:24:24825)
[    6981ms] Error: Unexpected token '<', "<!DOCTYPE "... is not valid JSON
    at x (chrome-extension://bbbiejemhfihiooipfcjmjmbfdmobobp/dist/contentScripts/index.global.js:24:24825)
[    7080ms] Error: Unexpected token '<', "<!DOCTYPE "... is not valid JSON
    at x (chrome-extension://bbbiejemhfihiooipfcjmjmbfdmobobp/dist/contentScripts/index.global.js:24:24825)
[    7137ms] Error: Unexpected token '<', "<!DOCTYPE "... is not valid JSON
    at x (chrome-extension://bbbiejemhfihiooipfcjmjmbfdmobobp/dist/contentScripts/index.global.js:24:24825)
[    7231ms] Error: Unexpected token '<', "<!DOCTYPE "... is not valid JSON
    at x (chrome-extension://bbbiejemhfihiooipfcjmjmbfdmobobp/dist/contentScripts/index.global.js:24:24825)
[    7289ms] Error: Unexpected token '<', "<!DOCTYPE "... is not valid JSON
    at x (chrome-extension://bbbiejemhfihiooipfcjmjmbfdmobobp/dist/contentScripts/index.global.js:24:24825)
[    7348ms] Error: Unexpected token '<', "<!DOCTYPE "... is not valid JSON
    at x (chrome-extension://bbbiejemhfihiooipfcjmjmbfdmobobp/dist/contentScripts/index.global.js:24:24825)
[    7405ms] Error: Unexpected token '<', "<!DOCTYPE "... is not valid JSON
    at x (chrome-extension://bbbiejemhfihiooipfcjmjmbfdmobobp/dist/contentScripts/index.global.js:24:24825)
[    7463ms] Error: Unexpected token '<', "<!DOCTYPE "... is not valid JSON
    at x (chrome-extension://bbbiejemhfihiooipfcjmjmbfdmobobp/dist/contentScripts/index.global.js:24:24825)
[    7552ms] Error: Unexpected token '<', "<!DOCTYPE "... is not valid JSON
    at x (chrome-extension://bbbiejemhfihiooipfcjmjmbfdmobobp/dist/contentScripts/index.global.js:24:24825)
[    7642ms] Error: Unexpected token '<', "<!DOCTYPE "... is not valid JSON
    at x (chrome-extension://bbbiejemhfihiooipfcjmjmbfdmobobp/dist/contentScripts/index.global.js:24:24825)
[    7696ms] Error: Unexpected token '<', "<!DOCTYPE "... is not valid JSON
    at x (chrome-extension://bbbiejemhfihiooipfcjmjmbfdmobobp/dist/contentScripts/index.global.js:24:24825)
[    7757ms] Error: Unexpected token '<', "<!DOCTYPE "... is not valid JSON
    at x (chrome-extension://bbbiejemhfihiooipfcjmjmbfdmobobp/dist/contentScripts/index.global.js:24:24825)
[    7857ms] Error: Unexpected token '<', "<!DOCTYPE "... is not valid JSON
    at x (chrome-extension://bbbiejemhfihiooipfcjmjmbfdmobobp/dist/contentScripts/index.global.js:24:24825)
[    7977ms] Error: Unexpected token '<', "<!DOCTYPE "... is not valid JSON
    at x (chrome-extension://bbbiejemhfihiooipfcjmjmbfdmobobp/dist/contentScripts/index.global.js:24:24825)
[    8106ms] Error: Unexpected token '<', "<!DOCTYPE "... is not valid JSON
    at x (chrome-extension://bbbiejemhfihiooipfcjmjmbfdmobobp/dist/contentScripts/index.global.js:24:24825)
[    8161ms] Error: Unexpected token '<', "<!DOCTYPE "... is not valid JSON
    at x (chrome-extension://bbbiejemhfihiooipfcjmjmbfdmobobp/dist/contentScripts/index.global.js:24:24825)
[    8220ms] Error: Unexpected token '<', "<!DOCTYPE "... is not valid JSON
    at x (chrome-extension://bbbiejemhfihiooipfcjmjmbfdmobobp/dist/contentScripts/index.global.js:24:24825)
[    8280ms] Error: Unexpected token '<', "<!DOCTYPE "... is not valid JSON
    at x (chrome-extension://bbbiejemhfihiooipfcjmjmbfdmobobp/dist/contentScripts/index.global.js:24:24825)
[    8341ms] Error: Unexpected token '<', "<!DOCTYPE "... is not valid JSON
    at x (chrome-extension://bbbiejemhfihiooipfcjmjmbfdmobobp/dist/contentScripts/index.global.js:24:24825)
[    8439ms] Error: Unexpected token '<', "<!DOCTYPE "... is not valid JSON
    at x (chrome-extension://bbbiejemhfihiooipfcjmjmbfdmobobp/dist/contentScripts/index.global.js:24:24825)
[    8528ms] Error: Unexpected token '<', "<!DOCTYPE "... is not valid JSON
    at x (chrome-extension://bbbiejemhfihiooipfcjmjmbfdmobobp/dist/contentScripts/index.global.js:24:24825)
[    8624ms] Error: Unexpected token '<', "<!DOCTYPE "... is not valid JSON
    at x (chrome-extension://bbbiejemhfihiooipfcjmjmbfdmobobp/dist/contentScripts/index.global.js:24:24825)
[    8694ms] Error: Unexpected token '<', "<!DOCTYPE "... is not valid JSON
    at x (chrome-extension://bbbiejemhfihiooipfcjmjmbfdmobobp/dist/contentScripts/index.global.js:24:24825)
[    8756ms] Error: Unexpected token '<', "<!DOCTYPE "... is not valid JSON
    at x (chrome-extension://bbbiejemhfihiooipfcjmjmbfdmobobp/dist/contentScripts/index.global.js:24:24825)
[    8814ms] Error: Unexpected token '<', "<!DOCTYPE "... is not valid JSON
    at x (chrome-extension://bbbiejemhfihiooipfcjmjmbfdmobobp/dist/contentScripts/index.global.js:24:24825)
[    8871ms] Error: Unexpected token '<', "<!DOCTYPE "... is not valid JSON
    at x (chrome-extension://bbbiejemhfihiooipfcjmjmbfdmobobp/dist/contentScripts/index.global.js:24:24825)
[    8965ms] Error: Unexpected token '<', "<!DOCTYPE "... is not valid JSON
    at x (chrome-extension://bbbiejemhfihiooipfcjmjmbfdmobobp/dist/contentScripts/index.global.js:24:24825)
[    9040ms] Error: Unexpected token '<', "<!DOCTYPE "... is not valid JSON
    at x (chrome-extension://bbbiejemhfihiooipfcjmjmbfdmobobp/dist/contentScripts/index.global.js:24:24825)
[    9096ms] Error: Unexpected token '<', "<!DOCTYPE "... is not valid JSON
    at x (chrome-extension://bbbiejemhfihiooipfcjmjmbfdmobobp/dist/contentScripts/index.global.js:24:24825)
[    9154ms] Error: Unexpected token '<', "<!DOCTYPE "... is not valid JSON
    at x (chrome-extension://bbbiejemhfihiooipfcjmjmbfdmobobp/dist/contentScripts/index.global.js:24:24825)
[    9247ms] Error: Unexpected token '<', "<!DOCTYPE "... is not valid JSON
    at x (chrome-extension://bbbiejemhfihiooipfcjmjmbfdmobobp/dist/contentScripts/index.global.js:24:24825)
[    9305ms] Error: Unexpected token '<', "<!DOCTYPE "... is not valid JSON
    at x (chrome-extension://bbbiejemhfihiooipfcjmjmbfdmobobp/dist/contentScripts/index.global.js:24:24825)
[    9364ms] Error: Unexpected token '<', "<!DOCTYPE "... is not valid JSON
    at x (chrome-extension://bbbiejemhfihiooipfcjmjmbfdmobobp/dist/contentScripts/index.global.js:24:24825)
[    9426ms] Error: Unexpected token '<', "<!DOCTYPE "... is not valid JSON
    at x (chrome-extension://bbbiejemhfihiooipfcjmjmbfdmobobp/dist/contentScripts/index.global.js:24:24825)
[    9488ms] Error: Unexpected token '<', "<!DOCTYPE "... is not valid JSON
    at x (chrome-extension://bbbiejemhfihiooipfcjmjmbfdmobobp/dist/contentScripts/index.global.js:24:24825)
[    9545ms] Error: Unexpected token '<', "<!DOCTYPE "... is not valid JSON
    at x (chrome-extension://bbbiejemhfihiooipfcjmjmbfdmobobp/dist/contentScripts/index.global.js:24:24825)
[    9645ms] Error: Unexpected token '<', "<!DOCTYPE "... is not valid JSON
    at x (chrome-extension://bbbiejemhfihiooipfcjmjmbfdmobobp/dist/contentScripts/index.global.js:24:24825)
[    9738ms] Error: Unexpected token '<', "<!DOCTYPE "... is not valid JSON
    at x (chrome-extension://bbbiejemhfihiooipfcjmjmbfdmobobp/dist/contentScripts/index.global.js:24:24825)
[    9844ms] Error: Unexpected token '<', "<!DOCTYPE "... is not valid JSON
    at x (chrome-extension://bbbiejemhfihiooipfcjmjmbfdmobobp/dist/contentScripts/index.global.js:24:24825)
[    9978ms] Error: Unexpected token '<', "<!DOCTYPE "... is not valid JSON
    at x (chrome-extension://bbbiejemhfihiooipfcjmjmbfdmobobp/dist/contentScripts/index.global.js:24:24825)
[   10071ms] Error: Unexpected token '<', "<!DOCTYPE "... is not valid JSON
    at x (chrome-extension://bbbiejemhfihiooipfcjmjmbfdmobobp/dist/contentScripts/index.global.js:24:24825)
[   10163ms] Error: Unexpected token '<', "<!DOCTYPE "... is not valid JSON
    at x (chrome-extension://bbbiejemhfihiooipfcjmjmbfdmobobp/dist/contentScripts/index.global.js:24:24825)
[   10254ms] Error: Unexpected token '<', "<!DOCTYPE "... is not valid JSON
    at x (chrome-extension://bbbiejemhfihiooipfcjmjmbfdmobobp/dist/contentScripts/index.global.js:24:24825)
[   10393ms] Error: Unexpected token '<', "<!DOCTYPE "... is not valid JSON
    at x (chrome-extension://bbbiejemhfihiooipfcjmjmbfdmobobp/dist/contentScripts/index.global.js:24:24825)
[   10488ms] Error: Unexpected token '<', "<!DOCTYPE "... is not valid JSON
    at x (chrome-extension://bbbiejemhfihiooipfcjmjmbfdmobobp/dist/contentScripts/index.global.js:24:24825)
[   10575ms] Error: Unexpected token '<', "<!DOCTYPE "... is not valid JSON
    at x (chrome-extension://bbbiejemhfihiooipfcjmjmbfdmobobp/dist/contentScripts/index.global.js:24:24825)
[   10633ms] Error: Unexpected token '<', "<!DOCTYPE "... is not valid JSON
    at x (chrome-extension://bbbiejemhfihiooipfcjmjmbfdmobobp/dist/contentScripts/index.global.js:24:24825)
[   10693ms] Error: Unexpected token '<', "<!DOCTYPE "... is not valid JSON
    at x (chrome-extension://bbbiejemhfihiooipfcjmjmbfdmobobp/dist/contentScripts/index.global.js:24:24825)
[   10759ms] Error: Unexpected token '<', "<!DOCTYPE "... is not valid JSON
    at x (chrome-extension://bbbiejemhfihiooipfcjmjmbfdmobobp/dist/contentScripts/index.global.js:24:24825)
[   10822ms] Error: Unexpected token '<', "<!DOCTYPE "... is not valid JSON
    at x (chrome-extension://bbbiejemhfihiooipfcjmjmbfdmobobp/dist/contentScripts/index.global.js:24:24825)
[   10877ms] Error: Unexpected token '<', "<!DOCTYPE "... is not valid JSON
    at x (chrome-extension://bbbiejemhfihiooipfcjmjmbfdmobobp/dist/contentScripts/index.global.js:24:24825)
[   10938ms] Error: Unexpected token '<', "<!DOCTYPE "... is not valid JSON
    at x (chrome-extension://bbbiejemhfihiooipfcjmjmbfdmobobp/dist/contentScripts/index.global.js:24:24825)
[   11031ms] Error: Unexpected token '<', "<!DOCTYPE "... is not valid JSON
    at x (chrome-extension://bbbiejemhfihiooipfcjmjmbfdmobobp/dist/contentScripts/index.global.js:24:24825)
[   11091ms] Error: Unexpected token '<', "<!DOCTYPE "... is not valid JSON
    at x (chrome-extension://bbbiejemhfihiooipfcjmjmbfdmobobp/dist/contentScripts/index.global.js:24:24825)
[   11164ms] Error: Unexpected token '<', "<!DOCTYPE "... is not valid JSON
    at x (chrome-extension://bbbiejemhfihiooipfcjmjmbfdmobobp/dist/contentScripts/index.global.js:24:24825)
[   11225ms] Error: Unexpected token '<', "<!DOCTYPE "... is not valid JSON
    at x (chrome-extension://bbbiejemhfihiooipfcjmjmbfdmobobp/dist/contentScripts/index.global.js:24:24825)
[   11298ms] Error: Unexpected token '<', "<!DOCTYPE "... is not valid JSON
    at x (chrome-extension://bbbiejemhfihiooipfcjmjmbfdmobobp/dist/contentScripts/index.global.js:24:24825)
[   11356ms] Error: Unexpected token '<', "<!DOCTYPE "... is not valid JSON
    at x (chrome-extension://bbbiejemhfihiooipfcjmjmbfdmobobp/dist/contentScripts/index.global.js:24:24825)
[   11422ms] Error: Unexpected token '<', "<!DOCTYPE "... is not valid JSON
    at x (chrome-extension://bbbiejemhfihiooipfcjmjmbfdmobobp/dist/contentScripts/index.global.js:24:24825)
[   11486ms] Error: Unexpected token '<', "<!DOCTYPE "... is not valid JSON
    at x (chrome-extension://bbbiejemhfihiooipfcjmjmbfdmobobp/dist/contentScripts/index.global.js:24:24825)
[   11546ms] Error: Unexpected token '<', "<!DOCTYPE "... is not valid JSON
    at x (chrome-extension://bbbiejemhfihiooipfcjmjmbfdmobobp/dist/contentScripts/index.global.js:24:24825)
[   11622ms] Error: Unexpected token '<', "<!DOCTYPE "... is not valid JSON
    at x (chrome-extension://bbbiejemhfihiooipfcjmjmbfdmobobp/dist/contentScripts/index.global.js:24:24825)
[   11684ms] Error: Unexpected token '<', "<!DOCTYPE "... is not valid JSON
    at x (chrome-extension://bbbiejemhfihiooipfcjmjmbfdmobobp/dist/contentScripts/index.global.js:24:24825)
[   11742ms] Error: Unexpected token '<', "<!DOCTYPE "... is not valid JSON
    at x (chrome-extension://bbbiejemhfihiooipfcjmjmbfdmobobp/dist/contentScripts/index.global.js:24:24825)
[   11801ms] Error: Unexpected token '<', "<!DOCTYPE "... is not valid JSON
    at x (chrome-extension://bbbiejemhfihiooipfcjmjmbfdmobobp/dist/contentScripts/index.global.js:24:24825)
[   11864ms] Error: Unexpected token '<', "<!DOCTYPE "... is not valid JSON
    at x (chrome-extension://bbbiejemhfihiooipfcjmjmbfdmobobp/dist/contentScripts/index.global.js:24:24825)
[   11955ms] Error: Unexpected token '<', "<!DOCTYPE "... is not valid JSON
    at x (chrome-extension://bbbiejemhfihiooipfcjmjmbfdmobobp/dist/contentScripts/index.global.js:24:24825)
[   12044ms] Error: Unexpected token '<', "<!DOCTYPE "... is not valid JSON
    at x (chrome-extension://bbbiejemhfihiooipfcjmjmbfdmobobp/dist/contentScripts/index.global.js:24:24825)
[   12178ms] Error: Unexpected token '<', "<!DOCTYPE "... is not valid JSON
    at x (chrome-extension://bbbiejemhfihiooipfcjmjmbfdmobobp/dist/contentScripts/index.global.js:24:24825)
[   12270ms] Error: Unexpected token '<', "<!DOCTYPE "... is not valid JSON
    at x (chrome-extension://bbbiejemhfihiooipfcjmjmbfdmobobp/dist/contentScripts/index.global.js:24:24825)
[   12338ms] Error: Unexpected token '<', "<!DOCTYPE "... is not valid JSON
    at x (chrome-extension://bbbiejemhfihiooipfcjmjmbfdmobobp/dist/contentScripts/index.global.js:24:24825)
[   12428ms] Error: Unexpected token '<', "<!DOCTYPE "... is not valid JSON
    at x (chrome-extension://bbbiejemhfihiooipfcjmjmbfdmobobp/dist/contentScripts/index.global.js:24:24825)
[   12523ms] Error: Unexpected token '<', "<!DOCTYPE "... is not valid JSON
    at x (chrome-extension://bbbiejemhfihiooipfcjmjmbfdmobobp/dist/contentScripts/index.global.js:24:24825)
[   12613ms] Error: Unexpected token '<', "<!DOCTYPE "... is not valid JSON
    at x (chrome-extension://bbbiejemhfihiooipfcjmjmbfdmobobp/dist/contentScripts/index.global.js:24:24825)
[   12749ms] Error: Unexpected token '<', "<!DOCTYPE "... is not valid JSON
    at x (chrome-extension://bbbiejemhfihiooipfcjmjmbfdmobobp/dist/contentScripts/index.global.js:24:24825)
[   12808ms] Error: Unexpected token '<', "<!DOCTYPE "... is not valid JSON
    at x (chrome-extension://bbbiejemhfihiooipfcjmjmbfdmobobp/dist/contentScripts/index.global.js:24:24825)
[   12898ms] Error: Unexpected token '<', "<!DOCTYPE "... is not valid JSON
    at x (chrome-extension://bbbiejemhfihiooipfcjmjmbfdmobobp/dist/contentScripts/index.global.js:24:24825)
[   12957ms] Error: Unexpected token '<', "<!DOCTYPE "... is not valid JSON
    at x (chrome-extension://bbbiejemhfihiooipfcjmjmbfdmobobp/dist/contentScripts/index.global.js:24:24825)
[   13016ms] Error: Unexpected token '<', "<!DOCTYPE "... is not valid JSON
    at x (chrome-extension://bbbiejemhfihiooipfcjmjmbfdmobobp/dist/contentScripts/index.global.js:24:24825)
[   13075ms] Error: Unexpected token '<', "<!DOCTYPE "... is not valid JSON
    at x (chrome-extension://bbbiejemhfihiooipfcjmjmbfdmobobp/dist/contentScripts/index.global.js:24:24825)
[   13141ms] Error: Unexpected token '<', "<!DOCTYPE "... is not valid JSON
    at x (chrome-extension://bbbiejemhfihiooipfcjmjmbfdmobobp/dist/contentScripts/index.global.js:24:24825)
[   13195ms] Error: Unexpected token '<', "<!DOCTYPE "... is not valid JSON
    at x (chrome-extension://bbbiejemhfihiooipfcjmjmbfdmobobp/dist/contentScripts/index.global.js:24:24825)
[   13287ms] Error: Unexpected token '<', "<!DOCTYPE "... is not valid JSON
    at x (chrome-extension://bbbiejemhfihiooipfcjmjmbfdmobobp/dist/contentScripts/index.global.js:24:24825)
[   13422ms] Error: Unexpected token '<', "<!DOCTYPE "... is not valid JSON
    at x (chrome-extension://bbbiejemhfihiooipfcjmjmbfdmobobp/dist/contentScripts/index.global.js:24:24825)
[   13513ms] Error: Unexpected token '<', "<!DOCTYPE "... is not valid JSON
    at x (chrome-extension://bbbiejemhfihiooipfcjmjmbfdmobobp/dist/contentScripts/index.global.js:24:24825)
[   13615ms] Error: Unexpected token '<', "<!DOCTYPE "... is not valid JSON
    at x (chrome-extension://bbbiejemhfihiooipfcjmjmbfdmobobp/dist/contentScripts/index.global.js:24:24825)
[   13750ms] Error: Unexpected token '<', "<!DOCTYPE "... is not valid JSON
    at x (chrome-extension://bbbiejemhfihiooipfcjmjmbfdmobobp/dist/contentScripts/index.global.js:24:24825)
[   13808ms] Error: Unexpected token '<', "<!DOCTYPE "... is not valid JSON
    at x (chrome-extension://bbbiejemhfihiooipfcjmjmbfdmobobp/dist/contentScripts/index.global.js:24:24825)
[   13867ms] Error: Unexpected token '<', "<!DOCTYPE "... is not valid JSON
    at x (chrome-extension://bbbiejemhfihiooipfcjmjmbfdmobobp/dist/contentScripts/index.global.js:24:24825)
[   13928ms] Error: Unexpected token '<', "<!DOCTYPE "... is not valid JSON
    at x (chrome-extension://bbbiejemhfihiooipfcjmjmbfdmobobp/dist/contentScripts/index.global.js:24:24825)
[   13987ms] Error: Unexpected token '<', "<!DOCTYPE "... is not valid JSON
    at x (chrome-extension://bbbiejemhfihiooipfcjmjmbfdmobobp/dist/contentScripts/index.global.js:24:24825)
[   14048ms] Error: Unexpected token '<', "<!DOCTYPE "... is not valid JSON
    at x (chrome-extension://bbbiejemhfihiooipfcjmjmbfdmobobp/dist/contentScripts/index.global.js:24:24825)
[   14146ms] Error: Unexpected token '<', "<!DOCTYPE "... is not valid JSON
    at x (chrome-extension://bbbiejemhfihiooipfcjmjmbfdmobobp/dist/contentScripts/index.global.js:24:24825)
[   14206ms] Error: Unexpected token '<', "<!DOCTYPE "... is not valid JSON
    at x (chrome-extension://bbbiejemhfihiooipfcjmjmbfdmobobp/dist/contentScripts/index.global.js:24:24825)
[   14267ms] Error: Unexpected token '<', "<!DOCTYPE "... is not valid JSON
    at x (chrome-extension://bbbiejemhfihiooipfcjmjmbfdmobobp/dist/contentScripts/index.global.js:24:24825)
[   14326ms] Error: Unexpected token '<', "<!DOCTYPE "... is not valid JSON
    at x (chrome-extension://bbbiejemhfihiooipfcjmjmbfdmobobp/dist/contentScripts/index.global.js:24:24825)
[   14387ms] Error: Unexpected token '<', "<!DOCTYPE "... is not valid JSON
    at x (chrome-extension://bbbiejemhfihiooipfcjmjmbfdmobobp/dist/contentScripts/index.global.js:24:24825)
[   14446ms] Error: Unexpected token '<', "<!DOCTYPE "... is not valid JSON
    at x (chrome-extension://bbbiejemhfihiooipfcjmjmbfdmobobp/dist/contentScripts/index.global.js:24:24825)
[   14540ms] Error: Unexpected token '<', "<!DOCTYPE "... is not valid JSON
    at x (chrome-extension://bbbiejemhfihiooipfcjmjmbfdmobobp/dist/contentScripts/index.global.js:24:24825)
[   14631ms] Error: Unexpected token '<', "<!DOCTYPE "... is not valid JSON
    at x (chrome-extension://bbbiejemhfihiooipfcjmjmbfdmobobp/dist/contentScripts/index.global.js:24:24825)
[   14722ms] Error: Unexpected token '<', "<!DOCTYPE "... is not valid JSON
    at x (chrome-extension://bbbiejemhfihiooipfcjmjmbfdmobobp/dist/contentScripts/index.global.js:24:24825)
[   14812ms] Error: Unexpected token '<', "<!DOCTYPE "... is not valid JSON
    at x (chrome-extension://bbbiejemhfihiooipfcjmjmbfdmobobp/dist/contentScripts/index.global.js:24:24825)
[   14905ms] Error: Unexpected token '<', "<!DOCTYPE "... is not valid JSON
    at x (chrome-extension://bbbiejemhfihiooipfcjmjmbfdmobobp/dist/contentScripts/index.global.js:24:24825)
[   14963ms] Error: Unexpected token '<', "<!DOCTYPE "... is not valid JSON
    at x (chrome-extension://bbbiejemhfihiooipfcjmjmbfdmobobp/dist/contentScripts/index.global.js:24:24825)
[   15023ms] Error: Unexpected token '<', "<!DOCTYPE "... is not valid JSON
    at x (chrome-extension://bbbiejemhfihiooipfcjmjmbfdmobobp/dist/contentScripts/index.global.js:24:24825)
[   15081ms] Error: Unexpected token '<', "<!DOCTYPE "... is not valid JSON
    at x (chrome-extension://bbbiejemhfihiooipfcjmjmbfdmobobp/dist/contentScripts/index.global.js:24:24825)
[   15139ms] Error: Unexpected token '<', "<!DOCTYPE "... is not valid JSON
    at x (chrome-extension://bbbiejemhfihiooipfcjmjmbfdmobobp/dist/contentScripts/index.global.js:24:24825)
[   15197ms] Error: Unexpected token '<', "<!DOCTYPE "... is not valid JSON
    at x (chrome-extension://bbbiejemhfihiooipfcjmjmbfdmobobp/dist/contentScripts/index.global.js:24:24825)
[   15261ms] Error: Unexpected token '<', "<!DOCTYPE "... is not valid JSON
    at x (chrome-extension://bbbiejemhfihiooipfcjmjmbfdmobobp/dist/contentScripts/index.global.js:24:24825)
[   15331ms] Error: Unexpected token '<', "<!DOCTYPE "... is not valid JSON
    at x (chrome-extension://bbbiejemhfihiooipfcjmjmbfdmobobp/dist/contentScripts/index.global.js:24:24825)
[   15405ms] Error: Unexpected token '<', "<!DOCTYPE "... is not valid JSON
    at x (chrome-extension://bbbiejemhfihiooipfcjmjmbfdmobobp/dist/contentScripts/index.global.js:24:24825)
[   15458ms] Error: Unexpected token '<', "<!DOCTYPE "... is not valid JSON
    at x (chrome-extension://bbbiejemhfihiooipfcjmjmbfdmobobp/dist/contentScripts/index.global.js:24:24825)
[   15553ms] Error: Unexpected token '<', "<!DOCTYPE "... is not valid JSON
    at x (chrome-extension://bbbiejemhfihiooipfcjmjmbfdmobobp/dist/contentScripts/index.global.js:24:24825)
[   15616ms] Error: Unexpected token '<', "<!DOCTYPE "... is not valid JSON
    at x (chrome-extension://bbbiejemhfihiooipfcjmjmbfdmobobp/dist/contentScripts/index.global.js:24:24825)
[   15676ms] Error: Unexpected token '<', "<!DOCTYPE "... is not valid JSON
    at x (chrome-extension://bbbiejemhfihiooipfcjmjmbfdmobobp/dist/contentScripts/index.global.js:24:24825)
[   15749ms] Error: Unexpected token '<', "<!DOCTYPE "... is not valid JSON
    at x (chrome-extension://bbbiejemhfihiooipfcjmjmbfdmobobp/dist/contentScripts/index.global.js:24:24825)
[   15875ms] Error: Unexpected token '<', "<!DOCTYPE "... is not valid JSON
    at x (chrome-extension://bbbiejemhfihiooipfcjmjmbfdmobobp/dist/contentScripts/index.global.js:24:24825)
[   15966ms] Error: Unexpected token '<', "<!DOCTYPE "... is not valid JSON
    at x (chrome-extension://bbbiejemhfihiooipfcjmjmbfdmobobp/dist/contentScripts/index.global.js:24:24825)
[   16058ms] Error: Unexpected token '<', "<!DOCTYPE "... is not valid JSON
    at x (chrome-extension://bbbiejemhfihiooipfcjmjmbfdmobobp/dist/contentScripts/index.global.js:24:24825)
[   16196ms] Error: Unexpected token '<', "<!DOCTYPE "... is not valid JSON
    at x (chrome-extension://bbbiejemhfihiooipfcjmjmbfdmobobp/dist/contentScripts/index.global.js:24:24825)
[   16256ms] Error: Unexpected token '<', "<!DOCTYPE "... is not valid JSON
    at x (chrome-extension://bbbiejemhfihiooipfcjmjmbfdmobobp/dist/contentScripts/index.global.js:24:24825)
[   16345ms] Error: Unexpected token '<', "<!DOCTYPE "... is not valid JSON
    at x (chrome-extension://bbbiejemhfihiooipfcjmjmbfdmobobp/dist/contentScripts/index.global.js:24:24825)
[   16488ms] Error: Unexpected token '<', "<!DOCTYPE "... is not valid JSON
    at x (chrome-extension://bbbiejemhfihiooipfcjmjmbfdmobobp/dist/contentScripts/index.global.js:24:24825)
[   16543ms] Error: Unexpected token '<', "<!DOCTYPE "... is not valid JSON
    at x (chrome-extension://bbbiejemhfihiooipfcjmjmbfdmobobp/dist/contentScripts/index.global.js:24:24825)
[   16637ms] Error: Unexpected token '<', "<!DOCTYPE "... is not valid JSON
    at x (chrome-extension://bbbiejemhfihiooipfcjmjmbfdmobobp/dist/contentScripts/index.global.js:24:24825)
[   16700ms] Error: Unexpected token '<', "<!DOCTYPE "... is not valid JSON
    at x (chrome-extension://bbbiejemhfihiooipfcjmjmbfdmobobp/dist/contentScripts/index.global.js:24:24825)
[   16762ms] Error: Unexpected token '<', "<!DOCTYPE "... is not valid JSON
    at x (chrome-extension://bbbiejemhfihiooipfcjmjmbfdmobobp/dist/contentScripts/index.global.js:24:24825)
[   16825ms] Error: Unexpected token '<', "<!DOCTYPE "... is not valid JSON
    at x (chrome-extension://bbbiejemhfihiooipfcjmjmbfdmobobp/dist/contentScripts/index.global.js:24:24825)
[   16888ms] Error: Unexpected token '<', "<!DOCTYPE "... is not valid JSON
    at x (chrome-extension://bbbiejemhfihiooipfcjmjmbfdmobobp/dist/contentScripts/index.global.js:24:24825)
[   16950ms] Error: Unexpected token '<', "<!DOCTYPE "... is not valid JSON
    at x (chrome-extension://bbbiejemhfihiooipfcjmjmbfdmobobp/dist/contentScripts/index.global.js:24:24825)
[   17009ms] Error: Unexpected token '<', "<!DOCTYPE "... is not valid JSON
    at x (chrome-extension://bbbiejemhfihiooipfcjmjmbfdmobobp/dist/contentScripts/index.global.js:24:24825)
[   17073ms] Error: Unexpected token '<', "<!DOCTYPE "... is not valid JSON
    at x (chrome-extension://bbbiejemhfihiooipfcjmjmbfdmobobp/dist/contentScripts/index.global.js:24:24825)
[   17160ms] Error: Unexpected token '<', "<!DOCTYPE "... is not valid JSON
    at x (chrome-extension://bbbiejemhfihiooipfcjmjmbfdmobobp/dist/contentScripts/index.global.js:24:24825)
[   17223ms] Error: Unexpected token '<', "<!DOCTYPE "... is not valid JSON
    at x (chrome-extension://bbbiejemhfihiooipfcjmjmbfdmobobp/dist/contentScripts/index.global.js:24:24825)
[   17311ms] Error: Unexpected token '<', "<!DOCTYPE "... is not valid JSON
    at x (chrome-extension://bbbiejemhfihiooipfcjmjmbfdmobobp/dist/contentScripts/index.global.js:24:24825)
[   17405ms] Error: Unexpected token '<', "<!DOCTYPE "... is not valid JSON
    at x (chrome-extension://bbbiejemhfihiooipfcjmjmbfdmobobp/dist/contentScripts/index.global.js:24:24825)
[   17497ms] Error: Unexpected token '<', "<!DOCTYPE "... is not valid JSON
    at x (chrome-extension://bbbiejemhfihiooipfcjmjmbfdmobobp/dist/contentScripts/index.global.js:24:24825)
[   17591ms] Error: Unexpected token '<', "<!DOCTYPE "... is not valid JSON
    at x (chrome-extension://bbbiejemhfihiooipfcjmjmbfdmobobp/dist/contentScripts/index.global.js:24:24825)
[   17692ms] Error: Unexpected token '<', "<!DOCTYPE "... is not valid JSON
    at x (chrome-extension://bbbiejemhfihiooipfcjmjmbfdmobobp/dist/contentScripts/index.global.js:24:24825)
[   17796ms] Error: Unexpected token '<', "<!DOCTYPE "... is not valid JSON
    at x (chrome-extension://bbbiejemhfihiooipfcjmjmbfdmobobp/dist/contentScripts/index.global.js:24:24825)
[   17891ms] Error: Unexpected token '<', "<!DOCTYPE "... is not valid JSON
    at x (chrome-extension://bbbiejemhfihiooipfcjmjmbfdmobobp/dist/contentScripts/index.global.js:24:24825)
[   17943ms] Error: Unexpected token '<', "<!DOCTYPE "... is not valid JSON
    at x (chrome-extension://bbbiejemhfihiooipfcjmjmbfdmobobp/dist/contentScripts/index.global.js:24:24825)
[   18015ms] Error: Unexpected token '<', "<!DOCTYPE "... is not valid JSON
    at x (chrome-extension://bbbiejemhfihiooipfcjmjmbfdmobobp/dist/contentScripts/index.global.js:24:24825)
[   18107ms] Error: Unexpected token '<', "<!DOCTYPE "... is not valid JSON
    at x (chrome-extension://bbbiejemhfihiooipfcjmjmbfdmobobp/dist/contentScripts/index.global.js:24:24825)
[   18200ms] Error: Unexpected token '<', "<!DOCTYPE "... is not valid JSON
    at x (chrome-extension://bbbiejemhfihiooipfcjmjmbfdmobobp/dist/contentScripts/index.global.js:24:24825)
[   18258ms] Error: Unexpected token '<', "<!DOCTYPE "... is not valid JSON
    at x (chrome-extension://bbbiejemhfihiooipfcjmjmbfdmobobp/dist/contentScripts/index.global.js:24:24825)
[   18349ms] Error: Unexpected token '<', "<!DOCTYPE "... is not valid JSON
    at x (chrome-extension://bbbiejemhfihiooipfcjmjmbfdmobobp/dist/contentScripts/index.global.js:24:24825)
[   18428ms] Error: Unexpected token '<', "<!DOCTYPE "... is not valid JSON
    at x (chrome-extension://bbbiejemhfihiooipfcjmjmbfdmobobp/dist/contentScripts/index.global.js:24:24825)
[   18522ms] Error: Unexpected token '<', "<!DOCTYPE "... is not valid JSON
    at x (chrome-extension://bbbiejemhfihiooipfcjmjmbfdmobobp/dist/contentScripts/index.global.js:24:24825)
[   18608ms] Error: Unexpected token '<', "<!DOCTYPE "... is not valid JSON
    at x (chrome-extension://bbbiejemhfihiooipfcjmjmbfdmobobp/dist/contentScripts/index.global.js:24:24825)
[   18746ms] Error: Unexpected token '<', "<!DOCTYPE "... is not valid JSON
    at x (chrome-extension://bbbiejemhfihiooipfcjmjmbfdmobobp/dist/contentScripts/index.global.js:24:24825)
[   18804ms] Error: Unexpected token '<', "<!DOCTYPE "... is not valid JSON
    at x (chrome-extension://bbbiejemhfihiooipfcjmjmbfdmobobp/dist/contentScripts/index.global.js:24:24825)
[   18898ms] Error: Unexpected token '<', "<!DOCTYPE "... is not valid JSON
    at x (chrome-extension://bbbiejemhfihiooipfcjmjmbfdmobobp/dist/contentScripts/index.global.js:24:24825)
[   18955ms] Error: Unexpected token '<', "<!DOCTYPE "... is not valid JSON
    at x (chrome-extension://bbbiejemhfihiooipfcjmjmbfdmobobp/dist/contentScripts/index.global.js:24:24825)
[   19015ms] Error: Unexpected token '<', "<!DOCTYPE "... is not valid JSON
    at x (chrome-extension://bbbiejemhfihiooipfcjmjmbfdmobobp/dist/contentScripts/index.global.js:24:24825)
[   19075ms] Error: Unexpected token '<', "<!DOCTYPE "... is not valid JSON
    at x (chrome-extension://bbbiejemhfihiooipfcjmjmbfdmobobp/dist/contentScripts/index.global.js:24:24825)
[   19166ms] Error: Unexpected token '<', "<!DOCTYPE "... is not valid JSON
    at x (chrome-extension://bbbiejemhfihiooipfcjmjmbfdmobobp/dist/contentScripts/index.global.js:24:24825)
[   19230ms] Error: Unexpected token '<', "<!DOCTYPE "... is not valid JSON
    at x (chrome-extension://bbbiejemhfihiooipfcjmjmbfdmobobp/dist/contentScripts/index.global.js:24:24825)
[   19339ms] Error: Unexpected token '<', "<!DOCTYPE "... is not valid JSON
    at x (chrome-extension://bbbiejemhfihiooipfcjmjmbfdmobobp/dist/contentScripts/index.global.js:24:24825)
[   19398ms] Error: Unexpected token '<', "<!DOCTYPE "... is not valid JSON
    at x (chrome-extension://bbbiejemhfihiooipfcjmjmbfdmobobp/dist/contentScripts/index.global.js:24:24825)
[   19494ms] Error: Unexpected token '<', "<!DOCTYPE "... is not valid JSON
    at x (chrome-extension://bbbiejemhfihiooipfcjmjmbfdmobobp/dist/contentScripts/index.global.js:24:24825)
[   19556ms] Error: Unexpected token '<', "<!DOCTYPE "... is not valid JSON
    at x (chrome-extension://bbbiejemhfihiooipfcjmjmbfdmobobp/dist/contentScripts/index.global.js:24:24825)
[   19644ms] Error: Unexpected token '<', "<!DOCTYPE "... is not valid JSON
    at x (chrome-extension://bbbiejemhfihiooipfcjmjmbfdmobobp/dist/contentScripts/index.global.js:24:24825)
[   19739ms] Error: Unexpected token '<', "<!DOCTYPE "... is not valid JSON
    at x (chrome-extension://bbbiejemhfihiooipfcjmjmbfdmobobp/dist/contentScripts/index.global.js:24:24825)
[   19795ms] Error: Unexpected token '<', "<!DOCTYPE "... is not valid JSON
    at x (chrome-extension://bbbiejemhfihiooipfcjmjmbfdmobobp/dist/contentScripts/index.global.js:24:24825)
[   19857ms] Error: Unexpected token '<', "<!DOCTYPE "... is not valid JSON
    at x (chrome-extension://bbbiejemhfihiooipfcjmjmbfdmobobp/dist/contentScripts/index.global.js:24:24825)
[   19945ms] Error: Unexpected token '<', "<!DOCTYPE "... is not valid JSON
    at x (chrome-extension://bbbiejemhfihiooipfcjmjmbfdmobobp/dist/contentScripts/index.global.js:24:24825)
[   20007ms] Error: Unexpected token '<', "<!DOCTYPE "... is not valid JSON
    at x (chrome-extension://bbbiejemhfihiooipfcjmjmbfdmobobp/dist/contentScripts/index.global.js:24:24825)
[   20061ms] Error: Unexpected token '<', "<!DOCTYPE "... is not valid JSON
    at x (chrome-extension://bbbiejemhfihiooipfcjmjmbfdmobobp/dist/contentScripts/index.global.js:24:24825)
[   20122ms] Error: Unexpected token '<', "<!DOCTYPE "... is not valid JSON
    at x (chrome-extension://bbbiejemhfihiooipfcjmjmbfdmobobp/dist/contentScripts/index.global.js:24:24825)
[   20182ms] Error: Unexpected token '<', "<!DOCTYPE "... is not valid JSON
    at x (chrome-extension://bbbiejemhfihiooipfcjmjmbfdmobobp/dist/contentScripts/index.global.js:24:24825)
[   20274ms] Error: Unexpected token '<', "<!DOCTYPE "... is not valid JSON
    at x (chrome-extension://bbbiejemhfihiooipfcjmjmbfdmobobp/dist/contentScripts/index.global.js:24:24825)
[   20379ms] Error: Unexpected token '<', "<!DOCTYPE "... is not valid JSON
    at x (chrome-extension://bbbiejemhfihiooipfcjmjmbfdmobobp/dist/contentScripts/index.global.js:24:24825)
[   20464ms] Error: Unexpected token '<', "<!DOCTYPE "... is not valid JSON
    at x (chrome-extension://bbbiejemhfihiooipfcjmjmbfdmobobp/dist/contentScripts/index.global.js:24:24825)
[   20556ms] Error: Unexpected token '<', "<!DOCTYPE "... is not valid JSON
    at x (chrome-extension://bbbiejemhfihiooipfcjmjmbfdmobobp/dist/contentScripts/index.global.js:24:24825)
[   20646ms] Error: Unexpected token '<', "<!DOCTYPE "... is not valid JSON
    at x (chrome-extension://bbbiejemhfihiooipfcjmjmbfdmobobp/dist/contentScripts/index.global.js:24:24825)
[   20737ms] Error: Unexpected token '<', "<!DOCTYPE "... is not valid JSON
    at x (chrome-extension://bbbiejemhfihiooipfcjmjmbfdmobobp/dist/contentScripts/index.global.js:24:24825)
[   20829ms] Error: Unexpected token '<', "<!DOCTYPE "... is not valid JSON
    at x (chrome-extension://bbbiejemhfihiooipfcjmjmbfdmobobp/dist/contentScripts/index.global.js:24:24825)
[   20926ms] Error: Unexpected token '<', "<!DOCTYPE "... is not valid JSON
    at x (chrome-extension://bbbiejemhfihiooipfcjmjmbfdmobobp/dist/contentScripts/index.global.js:24:24825)
[   21015ms] Error: Unexpected token '<', "<!DOCTYPE "... is not valid JSON
    at x (chrome-extension://bbbiejemhfihiooipfcjmjmbfdmobobp/dist/contentScripts/index.global.js:24:24825)
[   21150ms] Error: Unexpected token '<', "<!DOCTYPE "... is not valid JSON
    at x (chrome-extension://bbbiejemhfihiooipfcjmjmbfdmobobp/dist/contentScripts/index.global.js:24:24825)
[   21241ms] Error: Unexpected token '<', "<!DOCTYPE "... is not valid JSON
    at x (chrome-extension://bbbiejemhfihiooipfcjmjmbfdmobobp/dist/contentScripts/index.global.js:24:24825)
[   21341ms] Error: Unexpected token '<', "<!DOCTYPE "... is not valid JSON
    at x (chrome-extension://bbbiejemhfihiooipfcjmjmbfdmobobp/dist/contentScripts/index.global.js:24:24825)
[   21467ms] Error: Unexpected token '<', "<!DOCTYPE "... is not valid JSON
    at x (chrome-extension://bbbiejemhfihiooipfcjmjmbfdmobobp/dist/contentScripts/index.global.js:24:24825)
[   21563ms] Error: Unexpected token '<', "<!DOCTYPE "... is not valid JSON
    at x (chrome-extension://bbbiejemhfihiooipfcjmjmbfdmobobp/dist/contentScripts/index.global.js:24:24825)
[   21662ms] Error: Unexpected token '<', "<!DOCTYPE "... is not valid JSON
    at x (chrome-extension://bbbiejemhfihiooipfcjmjmbfdmobobp/dist/contentScripts/index.global.js:24:24825)
[   21800ms] Error: Unexpected token '<', "<!DOCTYPE "... is not valid JSON
    at x (chrome-extension://bbbiejemhfihiooipfcjmjmbfdmobobp/dist/contentScripts/index.global.js:24:24825)
[   21891ms] Error: Unexpected token '<', "<!DOCTYPE "... is not valid JSON
    at x (chrome-extension://bbbiejemhfihiooipfcjmjmbfdmobobp/dist/contentScripts/index.global.js:24:24825)
[   21983ms] Error: Unexpected token '<', "<!DOCTYPE "... is not valid JSON
    at x (chrome-extension://bbbiejemhfihiooipfcjmjmbfdmobobp/dist/contentScripts/index.global.js:24:24825)
[   22123ms] Error: Unexpected token '<', "<!DOCTYPE "... is not valid JSON
    at x (chrome-extension://bbbiejemhfihiooipfcjmjmbfdmobobp/dist/contentScripts/index.global.js:24:24825)
[   22216ms] Error: Unexpected token '<', "<!DOCTYPE "... is not valid JSON
    at x (chrome-extension://bbbiejemhfihiooipfcjmjmbfdmobobp/dist/contentScripts/index.global.js:24:24825)
[   22276ms] Error: Unexpected token '<', "<!DOCTYPE "... is not valid JSON
    at x (chrome-extension://bbbiejemhfihiooipfcjmjmbfdmobobp/dist/contentScripts/index.global.js:24:24825)
[   22410ms] Error: Unexpected token '<', "<!DOCTYPE "... is not valid JSON
    at x (chrome-extension://bbbiejemhfihiooipfcjmjmbfdmobobp/dist/contentScripts/index.global.js:24:24825)
[   22472ms] Error: Unexpected token '<', "<!DOCTYPE "... is not valid JSON
    at x (chrome-extension://bbbiejemhfihiooipfcjmjmbfdmobobp/dist/contentScripts/index.global.js:24:24825)
[   22607ms] Error: Unexpected token '<', "<!DOCTYPE "... is not valid JSON
    at x (chrome-extension://bbbiejemhfihiooipfcjmjmbfdmobobp/dist/contentScripts/index.global.js:24:24825)
[   22746ms] Error: Unexpected token '<', "<!DOCTYPE "... is not valid JSON
    at x (chrome-extension://bbbiejemhfihiooipfcjmjmbfdmobobp/dist/contentScripts/index.global.js:24:24825)
[   22838ms] Error: Unexpected token '<', "<!DOCTYPE "... is not valid JSON
    at x (chrome-extension://bbbiejemhfihiooipfcjmjmbfdmobobp/dist/contentScripts/index.global.js:24:24825)
[   22939ms] Error: Unexpected token '<', "<!DOCTYPE "... is not valid JSON
    at x (chrome-extension://bbbiejemhfihiooipfcjmjmbfdmobobp/dist/contentScripts/index.global.js:24:24825)
[   23070ms] Error: Unexpected token '<', "<!DOCTYPE "... is not valid JSON
    at x (chrome-extension://bbbiejemhfihiooipfcjmjmbfdmobobp/dist/contentScripts/index.global.js:24:24825)
[   23165ms] Error: Unexpected token '<', "<!DOCTYPE "... is not valid JSON
    at x (chrome-extension://bbbiejemhfihiooipfcjmjmbfdmobobp/dist/contentScripts/index.global.js:24:24825)
[   23272ms] Error: Unexpected token '<', "<!DOCTYPE "... is not valid JSON
    at x (chrome-extension://bbbiejemhfihiooipfcjmjmbfdmobobp/dist/contentScripts/index.global.js:24:24825)
[   23410ms] Error: Unexpected token '<', "<!DOCTYPE "... is not valid JSON
    at x (chrome-extension://bbbiejemhfihiooipfcjmjmbfdmobobp/dist/contentScripts/index.global.js:24:24825)
[   23471ms] Error: Unexpected token '<', "<!DOCTYPE "... is not valid JSON
    at x (chrome-extension://bbbiejemhfihiooipfcjmjmbfdmobobp/dist/contentScripts/index.global.js:24:24825)
[   23530ms] Error: Unexpected token '<', "<!DOCTYPE "... is not valid JSON
    at x (chrome-extension://bbbiejemhfihiooipfcjmjmbfdmobobp/dist/contentScripts/index.global.js:24:24825)
[   23623ms] Error: Unexpected token '<', "<!DOCTYPE "... is not valid JSON
    at x (chrome-extension://bbbiejemhfihiooipfcjmjmbfdmobobp/dist/contentScripts/index.global.js:24:24825)
[   23712ms] Error: Unexpected token '<', "<!DOCTYPE "... is not valid JSON
    at x (chrome-extension://bbbiejemhfihiooipfcjmjmbfdmobobp/dist/contentScripts/index.global.js:24:24825)
[   23847ms] Error: Unexpected token '<', "<!DOCTYPE "... is not valid JSON
    at x (chrome-extension://bbbiejemhfihiooipfcjmjmbfdmobobp/dist/contentScripts/index.global.js:24:24825)
[   23923ms] Error: Unexpected token '<', "<!DOCTYPE "... is not valid JSON
    at x (chrome-extension://bbbiejemhfihiooipfcjmjmbfdmobobp/dist/contentScripts/index.global.js:24:24825)
[   24059ms] Error: Unexpected token '<', "<!DOCTYPE "... is not valid JSON
    at x (chrome-extension://bbbiejemhfihiooipfcjmjmbfdmobobp/dist/contentScripts/index.global.js:24:24825)
[   24117ms] Error: Unexpected token '<', "<!DOCTYPE "... is not valid JSON
    at x (chrome-extension://bbbiejemhfihiooipfcjmjmbfdmobobp/dist/contentScripts/index.global.js:24:24825)
[   24257ms] Error: Unexpected token '<', "<!DOCTYPE "... is not valid JSON
    at x (chrome-extension://bbbiejemhfihiooipfcjmjmbfdmobobp/dist/contentScripts/index.global.js:24:24825)
[   24313ms] Error: Unexpected token '<', "<!DOCTYPE "... is not valid JSON
    at x (chrome-extension://bbbiejemhfihiooipfcjmjmbfdmobobp/dist/contentScripts/index.global.js:24:24825)
[   24382ms] Error: Unexpected token '<', "<!DOCTYPE "... is not valid JSON
    at x (chrome-extension://bbbiejemhfihiooipfcjmjmbfdmobobp/dist/contentScripts/index.global.js:24:24825)
[   24441ms] Error: Unexpected token '<', "<!DOCTYPE "... is not valid JSON
    at x (chrome-extension://bbbiejemhfihiooipfcjmjmbfdmobobp/dist/contentScripts/index.global.js:24:24825)
[   24541ms] Error: Unexpected token '<', "<!DOCTYPE "... is not valid JSON
    at x (chrome-extension://bbbiejemhfihiooipfcjmjmbfdmobobp/dist/contentScripts/index.global.js:24:24825)
[   24600ms] Error: Unexpected token '<', "<!DOCTYPE "... is not valid JSON
    at x (chrome-extension://bbbiejemhfihiooipfcjmjmbfdmobobp/dist/contentScripts/index.global.js:24:24825)
[   24694ms] Error: Unexpected token '<', "<!DOCTYPE "... is not valid JSON
    at x (chrome-extension://bbbiejemhfihiooipfcjmjmbfdmobobp/dist/contentScripts/index.global.js:24:24825)
[   24790ms] Error: Unexpected token '<', "<!DOCTYPE "... is not valid JSON
    at x (chrome-extension://bbbiejemhfihiooipfcjmjmbfdmobobp/dist/contentScripts/index.global.js:24:24825)
[   24924ms] Error: Unexpected token '<', "<!DOCTYPE "... is not valid JSON
    at x (chrome-extension://bbbiejemhfihiooipfcjmjmbfdmobobp/dist/contentScripts/index.global.js:24:24825)
[   25023ms] Error: Unexpected token '<', "<!DOCTYPE "... is not valid JSON
    at x (chrome-extension://bbbiejemhfihiooipfcjmjmbfdmobobp/dist/contentScripts/index.global.js:24:24825)
[   25081ms] Error: Unexpected token '<', "<!DOCTYPE "... is not valid JSON
    at x (chrome-extension://bbbiejemhfihiooipfcjmjmbfdmobobp/dist/contentScripts/index.global.js:24:24825)
[   25139ms] Error: Unexpected token '<', "<!DOCTYPE "... is not valid JSON
    at x (chrome-extension://bbbiejemhfihiooipfcjmjmbfdmobobp/dist/contentScripts/index.global.js:24:24825)
[   25200ms] Error: Unexpected token '<', "<!DOCTYPE "... is not valid JSON
    at x (chrome-extension://bbbiejemhfihiooipfcjmjmbfdmobobp/dist/contentScripts/index.global.js:24:24825)
[   25260ms] Error: Unexpected token '<', "<!DOCTYPE "... is not valid JSON
    at x (chrome-extension://bbbiejemhfihiooipfcjmjmbfdmobobp/dist/contentScripts/index.global.js:24:24825)
[   25360ms] Error: Unexpected token '<', "<!DOCTYPE "... is not valid JSON
    at x (chrome-extension://bbbiejemhfihiooipfcjmjmbfdmobobp/dist/contentScripts/index.global.js:24:24825)
[   25450ms] Error: Unexpected token '<', "<!DOCTYPE "... is not valid JSON
    at x (chrome-extension://bbbiejemhfihiooipfcjmjmbfdmobobp/dist/contentScripts/index.global.js:24:24825)
[   25541ms] Error: Unexpected token '<', "<!DOCTYPE "... is not valid JSON
    at x (chrome-extension://bbbiejemhfihiooipfcjmjmbfdmobobp/dist/contentScripts/index.global.js:24:24825)
[   25686ms] Error: Unexpected token '<', "<!DOCTYPE "... is not valid JSON
    at x (chrome-extension://bbbiejemhfihiooipfcjmjmbfdmobobp/dist/contentScripts/index.global.js:24:24825)
[   25777ms] Error: Unexpected token '<', "<!DOCTYPE "... is not valid JSON
    at x (chrome-extension://bbbiejemhfihiooipfcjmjmbfdmobobp/dist/contentScripts/index.global.js:24:24825)
[   25873ms] Error: Unexpected token '<', "<!DOCTYPE "... is not valid JSON
    at x (chrome-extension://bbbiejemhfihiooipfcjmjmbfdmobobp/dist/contentScripts/index.global.js:24:24825)
[   25972ms] Error: Unexpected token '<', "<!DOCTYPE "... is not valid JSON
    at x (chrome-extension://bbbiejemhfihiooipfcjmjmbfdmobobp/dist/contentScripts/index.global.js:24:24825)
[   26024ms] Error: Unexpected token '<', "<!DOCTYPE "... is not valid JSON
    at x (chrome-extension://bbbiejemhfihiooipfcjmjmbfdmobobp/dist/contentScripts/index.global.js:24:24825)
[   26081ms] Error: Unexpected token '<', "<!DOCTYPE "... is not valid JSON
    at x (chrome-extension://bbbiejemhfihiooipfcjmjmbfdmobobp/dist/contentScripts/index.global.js:24:24825)
[   26143ms] Error: Unexpected token '<', "<!DOCTYPE "... is not valid JSON
    at x (chrome-extension://bbbiejemhfihiooipfcjmjmbfdmobobp/dist/contentScripts/index.global.js:24:24825)
[   26231ms] Error: Unexpected token '<', "<!DOCTYPE "... is not valid JSON
    at x (chrome-extension://bbbiejemhfihiooipfcjmjmbfdmobobp/dist/contentScripts/index.global.js:24:24825)
[   26301ms] Error: Unexpected token '<', "<!DOCTYPE "... is not valid JSON
    at x (chrome-extension://bbbiejemhfihiooipfcjmjmbfdmobobp/dist/contentScripts/index.global.js:24:24825)
[   26359ms] Error: Unexpected token '<', "<!DOCTYPE "... is not valid JSON
    at x (chrome-extension://bbbiejemhfihiooipfcjmjmbfdmobobp/dist/contentScripts/index.global.js:24:24825)
[   26425ms] Error: Unexpected token '<', "<!DOCTYPE "... is not valid JSON
    at x (chrome-extension://bbbiejemhfihiooipfcjmjmbfdmobobp/dist/contentScripts/index.global.js:24:24825)
[   26514ms] Error: Unexpected token '<', "<!DOCTYPE "... is not valid JSON
    at x (chrome-extension://bbbiejemhfihiooipfcjmjmbfdmobobp/dist/contentScripts/index.global.js:24:24825)
[   26621ms] Error: Unexpected token '<', "<!DOCTYPE "... is not valid JSON
    at x (chrome-extension://bbbiejemhfihiooipfcjmjmbfdmobobp/dist/contentScripts/index.global.js:24:24825)
[   26712ms] Error: Unexpected token '<', "<!DOCTYPE "... is not valid JSON
    at x (chrome-extension://bbbiejemhfihiooipfcjmjmbfdmobobp/dist/contentScripts/index.global.js:24:24825)
[   26846ms] Error: Unexpected token '<', "<!DOCTYPE "... is not valid JSON
    at x (chrome-extension://bbbiejemhfihiooipfcjmjmbfdmobobp/dist/contentScripts/index.global.js:24:24825)
[   26939ms] Error: Unexpected token '<', "<!DOCTYPE "... is not valid JSON
    at x (chrome-extension://bbbiejemhfihiooipfcjmjmbfdmobobp/dist/contentScripts/index.global.js:24:24825)
[   27028ms] Error: Unexpected token '<', "<!DOCTYPE "... is not valid JSON
    at x (chrome-extension://bbbiejemhfihiooipfcjmjmbfdmobobp/dist/contentScripts/index.global.js:24:24825)
[   27108ms] Error: Unexpected token '<', "<!DOCTYPE "... is not valid JSON
    at x (chrome-extension://bbbiejemhfihiooipfcjmjmbfdmobobp/dist/contentScripts/index.global.js:24:24825)
[   27240ms] Error: Unexpected token '<', "<!DOCTYPE "... is not valid JSON
    at x (chrome-extension://bbbiejemhfihiooipfcjmjmbfdmobobp/dist/contentScripts/index.global.js:24:24825)
[   27322ms] Error: Unexpected token '<', "<!DOCTYPE "... is not valid JSON
    at x (chrome-extension://bbbiejemhfihiooipfcjmjmbfdmobobp/dist/contentScripts/index.global.js:24:24825)
[   27383ms] Error: Unexpected token '<', "<!DOCTYPE "... is not valid JSON
    at x (chrome-extension://bbbiejemhfihiooipfcjmjmbfdmobobp/dist/contentScripts/index.global.js:24:24825)
[   27448ms] Error: Unexpected token '<', "<!DOCTYPE "... is not valid JSON
    at x (chrome-extension://bbbiejemhfihiooipfcjmjmbfdmobobp/dist/contentScripts/index.global.js:24:24825)
[   27507ms] Error: Unexpected token '<', "<!DOCTYPE "... is not valid JSON
    at x (chrome-extension://bbbiejemhfihiooipfcjmjmbfdmobobp/dist/contentScripts/index.global.js:24:24825)
[   27568ms] Error: Unexpected token '<', "<!DOCTYPE "... is not valid JSON
    at x (chrome-extension://bbbiejemhfihiooipfcjmjmbfdmobobp/dist/contentScripts/index.global.js:24:24825)
[   27626ms] Error: Unexpected token '<', "<!DOCTYPE "... is not valid JSON
    at x (chrome-extension://bbbiejemhfihiooipfcjmjmbfdmobobp/dist/contentScripts/index.global.js:24:24825)
[   27689ms] Error: Unexpected token '<', "<!DOCTYPE "... is not valid JSON
    at x (chrome-extension://bbbiejemhfihiooipfcjmjmbfdmobobp/dist/contentScripts/index.global.js:24:24825)
[   27746ms] Error: Unexpected token '<', "<!DOCTYPE "... is not valid JSON
    at x (chrome-extension://bbbiejemhfihiooipfcjmjmbfdmobobp/dist/contentScripts/index.global.js:24:24825)
[   27822ms] Error: Unexpected token '<', "<!DOCTYPE "... is not valid JSON
    at x (chrome-extension://bbbiejemhfihiooipfcjmjmbfdmobobp/dist/contentScripts/index.global.js:24:24825)
[   27876ms] Error: Unexpected token '<', "<!DOCTYPE "... is not valid JSON
    at x (chrome-extension://bbbiejemhfihiooipfcjmjmbfdmobobp/dist/contentScripts/index.global.js:24:24825)
[   27943ms] Error: Unexpected token '<', "<!DOCTYPE "... is not valid JSON
    at x (chrome-extension://bbbiejemhfihiooipfcjmjmbfdmobobp/dist/contentScripts/index.global.js:24:24825)
[   28006ms] Error: Unexpected token '<', "<!DOCTYPE "... is not valid JSON
    at x (chrome-extension://bbbiejemhfihiooipfcjmjmbfdmobobp/dist/contentScripts/index.global.js:24:24825)
[   28306ms] Error: Unexpected token '<', "<!DOCTYPE "... is not valid JSON
    at x (chrome-extension://bbbiejemhfihiooipfcjmjmbfdmobobp/dist/contentScripts/index.global.js:24:24825)
[   28372ms] Error: Unexpected token '<', "<!DOCTYPE "... is not valid JSON
    at x (chrome-extension://bbbiejemhfihiooipfcjmjmbfdmobobp/dist/contentScripts/index.global.js:24:24825)
[   28430ms] Error: Unexpected token '<', "<!DOCTYPE "... is not valid JSON
    at x (chrome-extension://bbbiejemhfihiooipfcjmjmbfdmobobp/dist/contentScripts/index.global.js:24:24825)
[   28488ms] Error: Unexpected token '<', "<!DOCTYPE "... is not valid JSON
    at x (chrome-extension://bbbiejemhfihiooipfcjmjmbfdmobobp/dist/contentScripts/index.global.js:24:24825)
[   28547ms] Error: Unexpected token '<', "<!DOCTYPE "... is not valid JSON
    at x (chrome-extension://bbbiejemhfihiooipfcjmjmbfdmobobp/dist/contentScripts/index.global.js:24:24825)
[   28664ms] Error: Unexpected token '<', "<!DOCTYPE "... is not valid JSON
    at x (chrome-extension://bbbiejemhfihiooipfcjmjmbfdmobobp/dist/contentScripts/index.global.js:24:24825)
[   28693ms] Error: Unexpected token '<', "<!DOCTYPE "... is not valid JSON
    at x (chrome-extension://bbbiejemhfihiooipfcjmjmbfdmobobp/dist/contentScripts/index.global.js:24:24825)
[   28757ms] Error: Unexpected token '<', "<!DOCTYPE "... is not valid JSON
    at x (chrome-extension://bbbiejemhfihiooipfcjmjmbfdmobobp/dist/contentScripts/index.global.js:24:24825)
[   28860ms] Error: Unexpected token '<', "<!DOCTYPE "... is not valid JSON
    at x (chrome-extension://bbbiejemhfihiooipfcjmjmbfdmobobp/dist/contentScripts/index.global.js:24:24825)
[   29316ms] Error: Unexpected token '<', "<!DOCTYPE "... is not valid JSON
    at x (chrome-extension://bbbiejemhfihiooipfcjmjmbfdmobobp/dist/contentScripts/index.global.js:24:24825)
[   30405ms] Error: Unexpected token '<', "<!DOCTYPE "... is not valid JSON
    at x (chrome-extension://bbbiejemhfihiooipfcjmjmbfdmobobp/dist/contentScripts/index.global.js:24:24825)
